Loading tokenizer - Time taken: 0:00:00.373748
Loading model - Time taken: 0:00:01.707065
Starting to process text: "Tem uma pedra no meu caminho."
Tokenizing text - Time taken: 0:00:00.001002
Generating embeddings - Time taken: 0:00:01.482501
Embeddings dimension: torch.Size([768])
tensor([ 2.1498e-01,  1.8419e-01,  3.0359e-01,  6.0132e-02,  4.0987e-02,
         3.4177e-01,  1.4601e-01, -3.3231e-02,  2.5094e-01,  5.5448e-01,
        -3.5889e-01, -4.7200e-01,  1.3563e-01, -1.3113e-02,  1.4628e-01,
         2.9175e-01,  7.5169e-02,  3.5999e-01, -1.1259e-01,  2.2390e-01,
        -3.7274e-02,  1.3909e-01,  4.9924e-01, -7.0238e-02,  1.9730e-01,
         1.6193e-01, -3.5564e-01,  3.2489e-01,  4.3996e-01,  2.3612e-01,
        -2.5658e-01,  5.5116e-01,  6.0486e-02, -1.0161e-01,  6.4749e-02,
        -1.8943e-01, -2.9464e-01,  1.1559e-01, -3.5317e-02,  5.1717e-03,
         1.7580e-01, -6.7316e-02, -1.1429e-01, -1.3409e-01,  1.8481e-01,
        -1.9316e-01,  9.2099e-02, -1.7387e-01, -4.2575e-01, -8.4625e-02,
         1.1716e-01,  7.3179e-02, -4.2023e-02, -6.5187e-02,  2.8565e-01,
        -1.8370e-01,  8.0264e-02,  1.4266e-01, -1.7473e-02,  1.2394e-01,
        -1.8063e-01, -3.2215e-01,  8.6170e-02, -1.9164e-02, -2.3366e-02,
         3.3423e-01,  6.0009e-02, -6.7431e-02,  3.9134e-02,  1.8420e-01,
         1.3837e-03, -2.6315e-01,  5.0350e-01,  8.8030e-02, -1.6522e-01,
         1.4820e-04,  2.3398e-01, -5.4849e-02, -6.3769e-01,  1.2958e-01,
         1.3107e-01, -1.1490e-01, -2.8232e-01,  3.9470e-01, -2.5023e-01,
         2.2692e-01,  2.9882e-02, -1.4230e-01, -3.4671e-02, -5.3598e-01,
         3.1488e-01, -2.4227e-01,  3.2219e-01, -6.4657e-02, -4.9711e-01,
         3.6458e-02, -2.3729e-01, -4.2532e-01, -1.3284e-01,  1.8222e-01,
         2.6084e-01,  1.0144e-01,  5.3785e-01,  2.5865e-01,  1.9966e-02,
        -1.4200e-01, -1.5127e-01, -1.9830e-01,  4.5747e-01,  2.4905e-01,
         2.6263e-01, -2.8530e-01,  2.1654e-02,  1.1317e-01,  2.2528e-01,
         2.0690e-01,  2.9696e-02,  1.8006e-01,  1.4027e-01,  5.0429e-02,
         3.8906e-01,  1.6870e-01,  1.9341e-02, -3.1121e-01, -1.0581e-01,
        -3.8147e-01, -1.2289e-01, -3.3683e-02,  5.3272e-01,  1.2115e-01,
         2.0007e-01,  2.0599e-01,  1.6787e-01,  3.5264e-01, -9.1631e-03,
         1.8606e-02, -1.7552e-01,  1.3815e-01,  3.7727e-01,  1.1693e-01,
         4.2329e-01, -1.8972e-01,  4.9509e-02,  7.6612e-02,  7.7089e-03,
        -1.3441e-01, -3.6076e-01,  3.3483e-02,  1.0986e-01,  8.0157e-02,
         7.0398e-01, -1.1930e-01, -4.4082e-02,  4.9287e-01,  4.8221e-02,
         3.7155e-01, -1.7228e-01, -2.7085e-01,  2.1238e-01,  2.1215e-01,
         1.8247e-01,  4.9091e-02, -5.0174e-01,  7.6742e-01, -1.9411e-01,
        -2.4020e-01,  3.4094e-01,  7.2439e-02,  2.7754e-01,  2.8477e-01,
        -2.8813e-01,  4.7514e-02, -1.9484e-01,  2.2046e-01,  3.0627e-01,
        -4.6510e-01,  4.6876e-01,  2.3493e-01,  2.7373e-02, -1.9325e-01,
        -5.5035e-01,  2.7713e-01,  3.0765e-01,  3.4582e-01, -1.5715e-01,
         1.7875e-01,  3.8863e-02,  3.8223e-02, -1.2072e-01,  3.5586e-01,
         4.6714e-01, -1.7240e-01, -1.0429e-01, -2.5775e-01,  6.5924e-02,
        -1.2125e-01,  1.8663e-01,  1.8632e-01,  1.2621e-01, -2.6430e-01,
        -4.0190e-01,  1.6839e-01, -1.7513e-01, -2.8336e-01,  1.1342e-01,
         9.0576e-02,  3.1362e-01,  9.0407e-02, -4.8411e-01,  5.4837e-01,
        -4.9185e-01, -2.3381e-01, -8.2772e-01, -1.3126e-01,  4.8330e-02,
         4.4477e-01, -1.3253e-01,  1.2676e-01, -1.1346e-01,  7.3591e-02,
         2.2164e-01,  9.9593e-02, -2.1172e-01,  3.7977e-01,  6.8064e-02,
        -4.7647e-02,  5.2867e-01, -1.1873e-01,  4.0468e-01,  3.1174e-01,
         1.8188e-01, -1.7853e-01, -3.8501e-01, -2.9569e-02, -3.9262e+00,
        -1.5513e-01,  9.5841e-03, -1.4136e-01, -2.9452e-01, -8.7045e-02,
        -2.5156e-02, -2.1249e-01,  1.0917e-01, -1.9290e-01,  1.9848e-01,
         6.3546e-03, -6.5429e-01, -4.3691e-02, -8.9126e-02, -4.2444e-02,
         2.1550e-01, -3.8065e-01,  2.7849e-01, -1.3919e-01,  2.6275e-01,
         1.9504e-01,  1.9871e-02, -1.3316e-01,  6.8160e-01, -5.8579e-03,
        -2.8191e-02, -2.1626e-01, -4.9218e-01, -1.8151e-01, -2.6826e-01,
         1.0863e-01, -1.6080e-01, -7.2396e-02,  1.4360e-01, -2.9212e-02,
        -5.5175e-01, -2.2456e-01, -3.3257e-01, -3.4647e-01, -1.8456e-02,
         4.0920e-02, -1.1996e-01,  1.3992e-02,  1.2801e-01,  1.8947e-01,
         3.3351e-01, -1.7485e-01,  1.6740e-01,  7.9330e-03,  9.2819e-02,
        -7.5286e-02,  2.2635e-01,  2.2618e-01, -2.1023e-01,  1.8223e-01,
        -1.5550e-01, -2.0467e-02, -2.6725e-01, -4.1746e-01, -3.4829e-01,
        -4.3707e-01,  1.7924e-01,  8.8222e-02,  1.0587e-01,  2.6703e-01,
         3.3872e-03, -2.8610e-02, -8.3704e-02, -8.3094e-02, -1.4856e-01,
        -9.4019e-02, -3.4458e-03, -2.4920e-01,  5.3337e-02,  4.1577e-02,
        -4.0823e-02,  1.4783e-02,  4.9844e-01,  1.5830e-01,  3.2226e-03,
        -3.8045e-01,  4.1999e-02,  4.0635e-01, -1.8306e-01,  7.3388e-01,
         2.7500e-01, -2.8363e-01, -1.8699e-01, -3.1040e-01, -4.6005e-03,
         3.0271e-02, -1.3440e-01, -1.6558e-01,  2.2296e-01,  2.8497e-01,
        -2.2120e-01,  8.0709e-01,  1.5961e-01, -7.1785e-02,  8.7727e-02,
         1.1406e-01, -1.5196e-01, -1.8654e-01,  1.5731e-01, -2.4234e-01,
         2.7811e-01, -3.9133e-01,  2.5927e-02, -8.9141e-02,  1.7504e-01,
        -4.9826e-01,  1.6402e-01,  2.9173e-01,  1.6938e-01, -1.0103e-01,
         1.2323e-01, -2.8049e-01, -7.3168e-02, -3.8239e-01, -2.7126e-01,
        -1.4886e-01, -3.8817e-01, -3.1159e-02,  2.1253e-01,  6.0738e-01,
        -1.1715e-01,  7.1492e-01, -1.3645e-01, -2.4922e-02,  2.7688e-01,
         4.4168e-01, -7.3405e-01, -3.9503e-02,  2.0596e-01,  5.4383e-02,
         7.0267e-02,  1.5223e-01, -2.9689e-01, -2.5395e-01,  4.0063e-01,
        -1.4713e-01,  2.5407e-02,  1.5240e-01, -2.6627e-02,  1.9676e-01,
        -7.7442e-02, -1.5069e-02, -2.9335e-01,  3.4708e-01,  4.9110e-01,
        -2.6630e-01,  6.4077e-02,  1.8745e-01,  2.2093e-01, -9.8084e-03,
        -8.1495e-02,  2.3536e-01, -1.8996e-01,  1.7676e-01,  2.3148e-01,
        -3.3883e-01,  2.3768e-01, -3.6284e-01, -1.8092e-01,  1.0297e-01,
        -1.3111e-01, -6.6840e-02,  1.4115e-01, -3.3029e-03, -2.5820e-01,
        -3.0374e-01,  4.1863e-01,  2.4825e-01, -3.0684e-01,  2.0224e-01,
        -2.8301e-02, -2.2136e-01, -1.3652e-01,  3.1839e-01,  1.8350e-01,
         8.8901e-02, -3.0648e-01, -1.5518e-01, -2.8495e-01, -2.7167e-01,
         5.1661e-01,  4.0555e-01, -1.2012e-01, -4.4933e-01,  3.9289e-01,
        -2.8011e-01, -1.0826e-01,  3.1357e-01, -3.4513e-01, -2.8435e-01,
        -1.4702e-01, -1.3114e-01,  1.4182e-02, -6.0614e-01,  1.3501e-01,
        -1.6159e-01, -2.5343e-01, -3.5557e-02,  2.1736e-01,  6.3800e-01,
         1.0580e-01,  2.3591e-01,  2.2846e-01,  4.4695e-01, -5.6794e-02,
         1.7568e-01, -1.1107e-01, -3.6600e-01,  3.1888e-01,  3.2147e-01,
        -4.1960e-02, -5.7905e-01,  1.0251e-01,  2.2786e-01, -2.4193e-01,
         6.0971e-02, -4.5985e-01, -9.6044e-02,  1.1123e-01,  1.1699e-01,
         1.9889e-01,  4.5945e-01, -5.7162e-03,  1.3521e-01,  1.2381e-02,
        -2.7267e-01, -1.7783e-01,  1.9112e-03, -2.0159e-01,  1.7659e-01,
         6.9443e-03,  9.7234e-01,  5.4743e-02,  4.9848e-02, -5.8892e-01,
        -1.1561e-01,  1.8179e-01, -1.1636e-01, -3.1236e-01,  4.7424e-01,
        -8.8748e-02,  7.9862e-01,  8.5114e-02, -3.6573e-01,  1.6085e-01,
         2.6771e-01,  3.2019e-01,  1.6994e-01, -1.8396e-01, -8.4173e-02,
         1.7042e-01,  5.0421e-01, -2.7404e-02, -2.7895e-01, -6.8038e-02,
         1.0179e-02, -1.8983e-01,  9.2163e-02, -1.9544e-01, -4.0062e-02,
         1.2590e-02, -4.1912e-01, -4.5094e-02,  1.9744e-01,  2.0653e-01,
         1.6819e-01, -2.2441e-01, -6.1360e-02, -1.4954e-02, -5.4152e-02,
         3.9417e-01, -1.4978e+00, -1.2596e-01,  2.0439e-01, -1.0099e-01,
        -4.3416e-01,  1.6005e-01,  1.2421e-01, -2.3441e-01,  2.9473e-02,
         1.4610e-01,  1.6566e-01, -2.4995e-01, -3.3177e-01,  1.1781e-01,
        -5.1873e-02, -5.2353e-01, -2.0722e-01,  6.2401e-01, -1.2742e-01,
         2.8894e-01, -3.7980e-02, -2.2942e-01,  2.3049e-02, -8.7268e-02,
         2.4536e-01, -5.9737e-02, -5.3230e-02, -8.5242e-02,  2.8071e-01,
        -2.3007e-03,  8.7169e-02, -5.7565e-02, -1.4463e-01,  1.3296e-01,
         2.1569e-01,  1.6718e-02, -3.4254e-01,  1.7994e-01, -7.7407e-02,
         1.5455e-01,  4.8676e-01, -9.1598e-02,  6.5154e-01,  2.8291e-01,
        -1.2011e-01, -1.8751e-01, -2.6084e-01,  1.5475e-01, -9.0390e-02,
        -5.2999e-02,  1.3084e-01, -5.3030e-02,  3.8065e-01,  9.4494e-03,
        -3.6527e-01, -1.9740e-01,  3.0829e-01,  1.6265e-01,  3.1754e-02,
        -3.9804e-02,  1.4540e-02,  8.4138e-02, -5.1598e-01, -6.1647e-01,
         6.2455e-02,  1.8958e-01, -1.0502e-03,  1.1120e-01,  1.4595e-01,
         2.8111e-01,  2.7223e-01, -8.1474e-02, -4.5034e-02, -4.5244e-01,
        -1.5604e-01,  3.1874e-01,  2.4368e-01,  6.5287e-02,  4.8779e-02,
         1.9252e-01,  1.2159e-01,  3.8386e-01, -8.6202e-02,  1.0415e-01,
         9.3051e-03, -2.1963e-02,  1.2097e-01,  1.3156e-01, -1.3556e-01,
         1.1256e-01, -4.7988e-01, -2.6289e-01,  8.0384e-02, -3.4687e-02,
         3.9778e-02,  1.7693e-01,  1.8534e-01, -8.8160e-02, -1.3061e-02,
        -5.4066e-03,  1.1839e-01, -1.1372e-01,  3.1917e-01,  2.1918e-02,
        -1.4107e-01,  4.7100e-01, -1.6983e-01,  5.5690e-01,  2.7242e-01,
         5.1637e-01,  5.1649e-02,  2.2515e-01, -1.5335e-01, -9.3036e-02,
        -6.8203e-01, -6.0977e-02,  2.0816e-01, -2.6114e-01, -5.8409e-01,
         2.5617e-01,  3.2061e-01,  8.3733e-02,  1.5247e-02, -2.8873e-02,
         1.0729e-01, -2.8789e-01, -7.4598e-01,  1.7453e-01,  5.7778e-02,
        -2.3439e-02,  3.3293e-01,  4.5349e-02, -2.2313e-02, -4.3694e-01,
         2.6054e-01, -1.8227e-01,  3.4648e-01,  2.8049e-02, -1.6660e-01,
         6.4728e-02, -1.7397e-01, -2.0776e-01,  2.2034e-01, -6.6217e-02,
         1.7324e-02, -2.4374e-01, -1.3715e-01, -7.8628e-02,  6.4116e-01,
         4.3995e-01,  1.2290e-01, -5.8733e-02,  2.6602e-02,  1.8675e-01,
         4.4409e-02,  4.9037e-02, -2.0488e-01, -2.7496e-01,  1.6530e-01,
         8.6452e-02, -2.0039e-01, -1.7663e-01, -2.9601e-01,  1.0285e-02,
        -5.6722e-01,  4.8202e-01, -3.7094e-01,  7.7072e-01, -1.7422e-01,
         5.1712e-02, -1.1379e-01, -9.8118e-02,  2.9091e-01, -5.6084e-02,
         1.9416e-01, -1.7349e-01,  1.5805e-01, -3.6386e-01, -2.5944e-01,
         2.3633e-01, -2.3827e-02,  4.2675e-01, -1.3992e-01,  9.4933e-02,
         2.2728e-01, -1.7530e-01,  3.6875e-01,  3.3247e-01, -1.5822e-01,
        -2.1182e-01, -7.1484e-01,  5.7040e-03, -3.0194e-01,  7.9507e-02,
         1.7634e-01,  6.2279e-02, -3.5354e-02,  8.6946e-02,  1.3412e-01,
         2.8729e-01, -1.9191e-02, -1.9801e-01,  1.2590e-02,  2.8985e-03,
        -1.3693e-01, -5.6931e-02, -1.9840e-01,  1.5227e-01,  1.8481e-01,
         1.2920e-01, -2.9289e-01, -4.9736e-02,  1.5285e-01,  4.2924e-01,
        -6.3354e-02,  5.4253e-02,  4.9013e-02, -3.8876e-01, -2.2940e-01,
         1.4304e-02, -3.1438e+00, -2.4372e-01,  3.7875e-01, -2.4959e-02,
         4.6125e-01, -2.9240e-01,  2.8475e-02, -6.7952e-03, -2.0112e-01,
        -2.6637e-01,  1.0536e-02, -1.3688e-01,  9.9651e-03,  3.5846e-01,
         1.0131e-01,  2.0118e-02,  3.0805e-01,  3.4473e-02,  1.5556e-01,
         1.7934e-01, -3.8418e-01, -9.7524e-02,  3.3190e-02,  1.1971e-01,
         8.3726e-01, -2.9267e-02, -6.7911e-01,  1.5393e-01,  2.5306e-01,
        -2.2537e-01,  3.4287e-02,  4.8997e-01,  2.6537e-01,  1.3391e-02,
        -6.8122e-01, -5.9399e-02, -2.3466e-01])
Loading tokenizer - Time taken: 0:00:00.201723
Loading model - Time taken: 0:00:01.729939
Starting to process text: "Tem uma pedra no meu caminho."
Tokenizing text - Time taken: 0:00:00.000992
Generating embeddings - Time taken: 0:00:01.332892
Embeddings dimension: torch.Size([768])
[0.21497762203216553, 0.1841924488544464, 0.30358588695526123, 0.06013179570436478, 0.0409870520234108, 0.3417697846889496, 0.14600694179534912, -0.033230844885110855, 0.2509401738643646, 0.5544848442077637, -0.3588870167732239, -0.4720020890235901, 0.13562573492527008, -0.013113029301166534, 0.1462755799293518, 0.2917476296424866, 0.07516949623823166, 0.35998910665512085, -0.11258813738822937, 0.22389885783195496, -0.037274137139320374, 0.13908793032169342, 0.49923521280288696, -0.07023773342370987, 0.19730201363563538, 0.1619294285774231, -0.35563984513282776, 0.324890673160553, 0.43996068835258484, 0.23611514270305634, -0.2565811574459076, 0.5511585474014282, 0.060486018657684326, -0.10160865634679794, 0.06474907696247101, -0.18942540884017944, -0.2946377396583557, 0.11558984965085983, -0.03531651943922043, 0.005171731114387512, 0.17579978704452515, -0.06731559336185455, -0.1142859160900116, -0.1340939700603485, 0.18480566143989563, -0.1931595504283905, 0.09209912270307541, -0.17386522889137268, -0.42574822902679443, -0.08462478220462799, 0.11716088652610779, 0.07317851483821869, -0.042022693902254105, -0.06518661975860596, 0.2856491804122925, -0.18370333313941956, 0.08026406168937683, 0.14265911281108856, -0.017472557723522186, 0.12393595278263092, -0.18062560260295868, -0.3221519887447357, 0.0861702561378479, -0.01916353404521942, -0.023365963250398636, 0.3342263996601105, 0.0600089505314827, -0.06743082404136658, 0.039134200662374496, 0.18420208990573883, 0.001383669674396515, -0.2631496787071228, 0.503503143787384, 0.08802998811006546, -0.16522298753261566, 0.00014820322394371033, 0.2339773327112198, -0.05484917759895325, -0.6376890540122986, 0.12957718968391418, 0.1310683786869049, -0.1148977130651474, -0.28232234716415405, 0.39470019936561584, -0.25022998452186584, 0.22691865265369415, 0.029881905764341354, -0.1422969400882721, -0.0346708782017231, -0.5359839797019958, 0.31487932801246643, -0.24226956069469452, 0.3221932649612427, -0.06465718150138855, -0.4971078336238861, 0.03645813465118408, -0.23729188740253448, -0.42531660199165344, -0.13284039497375488, 0.18221808969974518, 0.26084426045417786, 0.10143695771694183, 0.5378462672233582, 0.25864893198013306, 0.01996579021215439, -0.1420021653175354, -0.15126989781856537, -0.1982986330986023, 0.45747312903404236, 0.24904857575893402, 0.262626588344574, -0.2853001654148102, 0.021654006093740463, 0.11316788196563721, 0.22528491914272308, 0.2069033980369568, 0.029696226119995117, 0.1800575852394104, 0.14026890695095062, 0.050429366528987885, 0.3890640139579773, 0.16869758069515228, 0.019340794533491135, -0.3112109899520874, -0.10581003874540329, -0.38146770000457764, -0.12289304286241531, -0.03368277847766876, 0.5327193140983582, 0.12114815413951874, 0.20006978511810303, 0.20598889887332916, 0.16787248849868774, 0.3526422679424286, -0.009163081645965576, 0.01860615611076355, -0.1755228191614151, 0.13814793527126312, 0.3772749602794647, 0.11692642420530319, 0.42328590154647827, -0.18972207605838776, 0.04950913041830063, 0.07661224901676178, 0.007708881050348282, -0.1344144642353058, -0.360762357711792, 0.03348320722579956, 0.10986008495092392, 0.08015693724155426, 0.7039806842803955, -0.11930498480796814, -0.044081855565309525, 0.4928748309612274, 0.04822063818573952, 0.3715498447418213, -0.17227545380592346, -0.2708488702774048, 0.21237581968307495, 0.212154358625412, 0.1824706494808197, 0.04909142479300499, -0.501737117767334, 0.7674213647842407, -0.194106787443161, -0.2402026355266571, 0.340935081243515, 0.07243885844945908, 0.27754274010658264, 0.2847668528556824, -0.28812915086746216, 0.04751361161470413, -0.19484128057956696, 0.2204623818397522, 0.3062664866447449, -0.4650997519493103, 0.46876028180122375, 0.23493239283561707, 0.027373209595680237, -0.19325187802314758, -0.5503506064414978, 0.2771345376968384, 0.3076481819152832, 0.3458181917667389, -0.15714934468269348, 0.1787542998790741, 0.03886331245303154, 0.03822333738207817, -0.12071791291236877, 0.35585808753967285, 0.46713873744010925, -0.1724034547805786, -0.10429179668426514, -0.2577543556690216, 0.06592420488595963, -0.1212548092007637, 0.18663427233695984, 0.18631787598133087, 0.1262124925851822, -0.26430201530456543, -0.4018954634666443, 0.16839244961738586, -0.17513225972652435, -0.2833605706691742, 0.1134154424071312, 0.09057560563087463, 0.31361591815948486, 0.0904073491692543, -0.48411238193511963, 0.5483747720718384, -0.4918540120124817, -0.23381075263023376, -0.8277189135551453, -0.1312573403120041, 0.04832961782813072, 0.44477206468582153, -0.13252675533294678, 0.12675780057907104, -0.11346399039030075, 0.07359059154987335, 0.2216363251209259, 0.09959325194358826, -0.2117232084274292, 0.37977349758148193, 0.06806405633687973, -0.04764741286635399, 0.5286738276481628, -0.11872875690460205, 0.40467768907546997, 0.31173884868621826, 0.1818765103816986, -0.17852747440338135, -0.3850117325782776, -0.029569342732429504, -3.9261581897735596, -0.15513473749160767, 0.009584102779626846, -0.14135584235191345, -0.29452112317085266, -0.08704482764005661, -0.0251559279859066, -0.2124943733215332, 0.10916917026042938, -0.19290432333946228, 0.1984817236661911, 0.006354615092277527, -0.6542900204658508, -0.043691299855709076, -0.0891260877251625, -0.04244380444288254, 0.21550078690052032, -0.38064873218536377, 0.27848654985427856, -0.1391916126012802, 0.2627534866333008, 0.19504499435424805, 0.019870983436703682, -0.1331578940153122, 0.6816034317016602, -0.005857944488525391, -0.0281914621591568, -0.21626436710357666, -0.4921833574771881, -0.18151423335075378, -0.2682628035545349, 0.1086280345916748, -0.16079913079738617, -0.07239599525928497, 0.14359742403030396, -0.029212195426225662, -0.5517506003379822, -0.22455959022045135, -0.3325653672218323, -0.3464723229408264, -0.018455704674124718, 0.04091973975300789, -0.11996274441480637, 0.013991761952638626, 0.12800723314285278, 0.18946552276611328, 0.3335097134113312, -0.17484557628631592, 0.1674005389213562, 0.00793302059173584, 0.09281927347183228, -0.07528575509786606, 0.2263527512550354, 0.2261793315410614, -0.21022526919841766, 0.18223166465759277, -0.15550146996974945, -0.020466700196266174, -0.26724714040756226, -0.41746440529823303, -0.34828683733940125, -0.4370728135108948, 0.1792372465133667, 0.08822239190340042, 0.10587064176797867, 0.26703375577926636, 0.0033872341737151146, -0.028610285371541977, -0.08370396494865417, -0.08309365063905716, -0.14856429398059845, -0.0940186008810997, -0.0034457743167877197, -0.24920251965522766, 0.053336549550294876, 0.0415765717625618, -0.04082300513982773, 0.014782898128032684, 0.498435914516449, 0.15830488502979279, 0.0032225847244262695, -0.38045403361320496, 0.0419989675283432, 0.4063508212566376, -0.18305982649326324, 0.7338759899139404, 0.27499520778656006, -0.2836267948150635, -0.18699315190315247, -0.31039559841156006, -0.0046004727482795715, 0.030271247029304504, -0.13439500331878662, -0.1655782014131546, 0.22296305000782013, 0.28496795892715454, -0.22119639813899994, 0.8070870637893677, 0.15961360931396484, -0.07178498804569244, 0.08772726356983185, 0.1140642762184143, -0.15196414291858673, -0.1865430325269699, 0.15731000900268555, -0.24234014749526978, 0.2781078815460205, -0.3913307189941406, 0.025927439332008362, -0.0891411155462265, 0.17503541707992554, -0.498263955116272, 0.16401958465576172, 0.2917274236679077, 0.16937953233718872, -0.10103312879800797, 0.12323250621557236, -0.2804889678955078, -0.07316809892654419, -0.3823898732662201, -0.2712631821632385, -0.14886006712913513, -0.3881714940071106, -0.031159479171037674, 0.2125261425971985, 0.6073770523071289, -0.11715011298656464, 0.714924693107605, -0.13645386695861816, -0.02492205798625946, 0.2768801152706146, 0.4416806101799011, -0.7340453863143921, -0.03950275480747223, 0.20596438646316528, 0.05438339337706566, 0.0702667385339737, 0.15223485231399536, -0.2968866229057312, -0.25394773483276367, 0.40062737464904785, -0.14713357388973236, 0.025406576693058014, 0.1524016559123993, -0.026626747101545334, 0.19675995409488678, -0.0774415135383606, -0.015068840235471725, -0.2933468222618103, 0.34707558155059814, 0.49110016226768494, -0.2663020193576813, 0.06407730281352997, 0.1874540001153946, 0.22092750668525696, -0.009808439761400223, -0.08149461448192596, 0.23536354303359985, -0.18995869159698486, 0.17675890028476715, 0.23148149251937866, -0.3388328552246094, 0.23767885565757751, -0.3628354072570801, -0.18092277646064758, 0.10297483950853348, -0.13111156225204468, -0.06684033572673798, 0.141147643327713, -0.0033028610050678253, -0.25820305943489075, -0.3037360906600952, 0.41863173246383667, 0.24825075268745422, -0.30684033036231995, 0.20223568379878998, -0.02830079011619091, -0.22135627269744873, -0.13652168214321136, 0.3183932602405548, 0.1834978312253952, 0.08890112489461899, -0.3064797818660736, -0.15517722070217133, -0.2849549353122711, -0.2716664969921112, 0.5166088342666626, 0.4055464565753937, -0.12012030184268951, -0.44933420419692993, 0.3928866684436798, -0.280107319355011, -0.10826128721237183, 0.3135659694671631, -0.3451290726661682, -0.2843495011329651, -0.14702244102954865, -0.1311437338590622, 0.01418238040059805, -0.6061398983001709, 0.13500738143920898, -0.16159257292747498, -0.2534310221672058, -0.035557135939598083, 0.21735888719558716, 0.6379976868629456, 0.1057976558804512, 0.23591020703315735, 0.22845765948295593, 0.4469495415687561, -0.056794144213199615, 0.175676628947258, -0.11106961965560913, -0.36599671840667725, 0.3188764154911041, 0.3214700222015381, -0.04196036979556084, -0.5790473222732544, 0.10251498222351074, 0.22785505652427673, -0.24192661046981812, 0.06097089499235153, -0.4598504304885864, -0.09604424238204956, 0.11122506111860275, 0.11699457466602325, 0.19889363646507263, 0.45945411920547485, -0.005716189742088318, 0.13520851731300354, 0.012381058186292648, -0.27267158031463623, -0.1778295487165451, 0.0019112303853034973, -0.20159225165843964, 0.17658501863479614, 0.0069442689418792725, 0.9723426103591919, 0.05474322661757469, 0.04984790086746216, -0.5889195203781128, -0.115608811378479, 0.18178513646125793, -0.11636438965797424, -0.31235629320144653, 0.47423863410949707, -0.08874768018722534, 0.7986242771148682, 0.08511404693126678, -0.3657265305519104, 0.16084738075733185, 0.26770734786987305, 0.32018834352493286, 0.169936865568161, -0.18395930528640747, -0.08417252451181412, 0.1704154908657074, 0.5042053461074829, -0.027403777465224266, -0.27894657850265503, -0.06803770363330841, 0.010178739205002785, -0.18982963263988495, 0.09216345101594925, -0.19543692469596863, -0.04006180912256241, 0.012590145692229271, -0.4191186726093292, -0.04509434476494789, 0.19743992388248444, 0.20652630925178528, 0.16818995773792267, -0.22440719604492188, -0.06136022508144379, -0.014953549951314926, -0.054151762276887894, 0.3941696882247925, -1.4977939128875732, -0.1259573996067047, 0.20438694953918457, -0.10099192708730698, -0.43416085839271545, 0.16005206108093262, 0.12420854717493057, -0.234406977891922, 0.02947278320789337, 0.14609812200069427, 0.16566428542137146, -0.24994592368602753, -0.33176878094673157, 0.11780854314565659, -0.05187265947461128, -0.5235322713851929, -0.20721551775932312, 0.6240102052688599, -0.12741824984550476, 0.2889402210712433, -0.03797987848520279, -0.22942087054252625, 0.023048505187034607, -0.08726806193590164, 0.24536049365997314, -0.05973690003156662, -0.05323028191924095, -0.08524201810359955, 0.2807140648365021, -0.002300746738910675, 0.08716943114995956, -0.057565320283174515, -0.1446293592453003, 0.1329645812511444, 0.21568715572357178, 0.01671845093369484, -0.34253889322280884, 0.1799371838569641, -0.07740699499845505, 0.1545514464378357, 0.4867560863494873, -0.09159837663173676, 0.6515434384346008, 0.28290504217147827, -0.1201123297214508, -0.18751245737075806, -0.26083916425704956, 0.15474817156791687, -0.09038950502872467, -0.05299873277544975, 0.13084229826927185, -0.05302984267473221, 0.38065168261528015, 0.009449385106563568, -0.365274578332901, -0.19739983975887299, 0.30828529596328735, 0.16265495121479034, 0.031754061579704285, -0.03980365768074989, 0.014540031552314758, 0.08413795381784439, -0.5159841775894165, -0.6164653897285461, 0.062455371022224426, 0.18958446383476257, -0.0010502040386199951, 0.11119881272315979, 0.14594797790050507, 0.2811107933521271, 0.27222901582717896, -0.08147433400154114, -0.04503375291824341, -0.4524386525154114, -0.15604446828365326, 0.31873542070388794, 0.24368339776992798, 0.06528688967227936, 0.04877914488315582, 0.1925196498632431, 0.12158869206905365, 0.38386115431785583, -0.08620218932628632, 0.104145847260952, 0.00930512510240078, -0.02196323871612549, 0.12097307294607162, 0.13155856728553772, -0.1355639398097992, 0.11255612224340439, -0.47987785935401917, -0.2628936171531677, 0.0803837701678276, -0.034687139093875885, 0.03977759927511215, 0.17693248391151428, 0.18534459173679352, -0.0881597027182579, -0.013061035424470901, -0.005406644195318222, 0.11839306354522705, -0.11371693015098572, 0.3191710412502289, 0.021918192505836487, -0.14107093214988708, 0.4709995985031128, -0.1698329746723175, 0.5569013357162476, 0.27241718769073486, 0.5163674354553223, 0.051648855209350586, 0.2251499593257904, -0.1533479392528534, -0.09303615987300873, -0.6820278167724609, -0.060976702719926834, 0.2081565111875534, -0.2611379623413086, -0.5840863585472107, 0.25617438554763794, 0.32061296701431274, 0.0837334468960762, 0.01524670422077179, -0.028872579336166382, 0.10729335248470306, -0.2878934442996979, -0.745981752872467, 0.1745336949825287, 0.05777773633599281, -0.023438595235347748, 0.3329349756240845, 0.045349299907684326, -0.02231292426586151, -0.436943918466568, 0.2605365514755249, -0.18226514756679535, 0.3464793860912323, 0.028049007058143616, -0.16660061478614807, 0.06472811847925186, -0.17396743595600128, -0.20775766670703888, 0.22033920884132385, -0.06621669977903366, 0.017323650419712067, -0.2437376081943512, -0.1371549665927887, -0.0786280557513237, 0.6411556005477905, 0.4399474561214447, 0.12290297448635101, -0.05873297154903412, 0.02660202980041504, 0.18675461411476135, 0.044408880174160004, 0.04903680086135864, -0.20487743616104126, -0.27496302127838135, 0.16529664397239685, 0.08645249903202057, -0.20038895308971405, -0.17662590742111206, -0.29600659012794495, 0.010285228490829468, -0.5672190189361572, 0.482015460729599, -0.37094324827194214, 0.7707237601280212, -0.17422330379486084, 0.051712218672037125, -0.11378653347492218, -0.09811815619468689, 0.2909082770347595, -0.056083664298057556, 0.19416096806526184, -0.17349466681480408, 0.15805448591709137, -0.3638637065887451, -0.2594389319419861, 0.23633354902267456, -0.023826804012060165, 0.4267491102218628, -0.1399209201335907, 0.09493274986743927, 0.2272799015045166, -0.17529717087745667, 0.3687516450881958, 0.33247148990631104, -0.15822213888168335, -0.21182343363761902, -0.7148381471633911, 0.005703955888748169, -0.3019394278526306, 0.07950685173273087, 0.1763395220041275, 0.06227949261665344, -0.03535398840904236, 0.0869455337524414, 0.13412058353424072, 0.2872869372367859, -0.019191298633813858, -0.19800889492034912, 0.012589586898684502, 0.0028985217213630676, -0.136926531791687, -0.05693068355321884, -0.1984003484249115, 0.1522676944732666, 0.18481400609016418, 0.12919937074184418, -0.2928856611251831, -0.049735963344573975, 0.15284961462020874, 0.4292382001876831, -0.06335406005382538, 0.054252609610557556, 0.04901251941919327, -0.3887636065483093, -0.22939996421337128, 0.014303602278232574, -3.1437621116638184, -0.2437201887369156, 0.3787524104118347, -0.024959206581115723, 0.4612523913383484, -0.29239627718925476, 0.028474539518356323, -0.006795205175876617, -0.20112380385398865, -0.2663716673851013, 0.010535657405853271, -0.1368793547153473, 0.00996511708945036, 0.35846254229545593, 0.10131066292524338, 0.020117588341236115, 0.30804815888404846, 0.03447341173887253, 0.15555927157402039, 0.1793360710144043, -0.38418370485305786, -0.09752355515956879, 0.03319007158279419, 0.11971405148506165, 0.83725905418396, -0.029266532510519028, -0.6791102290153503, 0.15392550826072693, 0.25306105613708496, -0.2253655195236206, 0.034287162125110626, 0.48996612429618835, 0.26537030935287476, 0.01339053362607956, -0.6812219619750977, -0.059399478137493134, -0.2346646934747696]
Loading tokenizer - Time taken: 0:00:00.325677
Loading model - Time taken: 0:00:01.596128
Starting to process text: "Quero saber exemplos de linguagem de programação"
Tokenizing text - Time taken: 0:00:00
Generating embeddings - Time taken: 0:00:01.201039
Embeddings dimension: torch.Size([768])
Connecting to database...
Database connected!
Loading tokenizer - Time taken: 0:00:00.219647
Loading model - Time taken: 0:00:01.620816
Starting to process text: "Quero saber exemplos de linguagem de programação"
Tokenizing text - Time taken: 0:00:00.001000
Generating embeddings - Time taken: 0:00:01.197431
Embeddings dimension: torch.Size([768])
Connecting to database...
Database connected!
Failed to retrieve data: column "document_name" does not exist
LINE 2:             SELECT document_name, chunk_text
                           ^

Loading tokenizer - Time taken: 0:00:00.282629
Loading model - Time taken: 0:00:01.715900
Starting to process text: "Quero saber exemplos de linguagem de programação"
Tokenizing text - Time taken: 0:00:00
Generating embeddings - Time taken: 0:00:01.234346
Embeddings dimension: torch.Size([768])
Connecting to database...
Database connected!
Loading tokenizer - Time taken: 0:00:00.206229
Loading model - Time taken: 0:00:01.563648
Starting to process text: "O que sao estruturas de dados?"
Tokenizing text - Time taken: 0:00:00.000991
Generating embeddings - Time taken: 0:00:01.269011
Embeddings dimension: torch.Size([768])
Connecting to database...
Database connected!
Loading tokenizer - Time taken: 0:00:00.318161
Loading model - Time taken: 0:00:01.683493
Starting to process text: "Quais são as estruturas de dados?"
Tokenizing text - Time taken: 0:00:00.000976
Generating embeddings - Time taken: 0:00:01.303800
Embeddings dimension: torch.Size([768])
Connecting to database...
Database connected!
Loading tokenizer - Time taken: 0:00:00.538529
Loading model - Time taken: 0:00:01.654705
Starting to process text: "Quais são as estruturas de dados?"
Tokenizing text - Time taken: 0:00:00.000981
Generating embeddings - Time taken: 0:00:01.264545
Embeddings dimension: torch.Size([768])
Connecting to database...
Database connected!
Loading tokenizer - Time taken: 0:00:00.237898
Loading model - Time taken: 0:00:01.755769
Starting to process text: "Quais são as estruturas de dados?"
Tokenizing text - Time taken: 0:00:00.000985
Generating embeddings - Time taken: 0:00:01.287972
Embeddings dimension: torch.Size([768])
Connecting to database...
Database connected!
Loading tokenizer - Time taken: 0:00:00.247044
Loading model - Time taken: 0:00:01.619548
Starting to process text: "Quais são as estruturas de dados?"
Tokenizing text - Time taken: 0:00:00
Generating embeddings - Time taken: 0:00:01.230484
Embeddings dimension: torch.Size([768])
Connecting to database...
Database connected!
Loading tokenizer - Time taken: 0:00:00.282203
Loading model - Time taken: 0:00:01.632686
Starting to process text: "Quais são as estruturas de dados?"
Tokenizing text - Time taken: 0:00:00.001012
Generating embeddings - Time taken: 0:00:01.221380
Embeddings dimension: torch.Size([768])
Connecting to database...
Database connected!
Loading tokenizer - Time taken: 0:00:00.234331
Loading model - Time taken: 0:00:01.715183
Loading tokenizer - Time taken: 0:00:00.237851
Loading model - Time taken: 0:00:01.752816
Starting to process text: "Quais são as estruturas de dados?"
Tokenizing text - Time taken: 0:00:00.001165
Generating embeddings - Time taken: 0:00:01.227726
Embeddings dimension: torch.Size([768])
Connecting to database...
Database connected!
Failed to retrieve data: column "document_name" does not exist
LINE 2:             SELECT document_name, chunk_text
                           ^

Loading tokenizer - Time taken: 0:00:00.271278
Loading model - Time taken: 0:00:01.731989
Starting to process text: "Quais são as estruturas de dados?"
Tokenizing text - Time taken: 0:00:00.001000
Generating embeddings - Time taken: 0:00:01.415392
Embeddings dimension: torch.Size([768])
Connecting to database...
Database connected!
Loading tokenizer - Time taken: 0:00:00.374648
Loading model - Time taken: 0:00:01.643120
Starting to process text: "Quais são as estruturas de dados?"
Tokenizing text - Time taken: 0:00:00.001000
Generating embeddings - Time taken: 0:00:01.218095
Embeddings dimension: torch.Size([768])
Connecting to database...
Database connected!
Failed to retrieve data: operator does not exist: vector <+> vector
LINE 4:             ORDER BY embedding <+> ARRAY[0.02882226556539535...
                                       ^
HINT:  No operator matches the given name and argument types. You might need to add explicit type casts.

Loading tokenizer - Time taken: 0:00:00.256334
Loading model - Time taken: 0:00:01.580767
Starting to process text: "Quais são as estruturas de dados?"
Tokenizing text - Time taken: 0:00:00.000972
Generating embeddings - Time taken: 0:00:01.210649
Embeddings dimension: torch.Size([768])
Connecting to database...
Database connected!
Loading tokenizer - Time taken: 0:00:00.240685
Loading model - Time taken: 0:00:01.662506
Starting to process text: "O que são algoritimos"
Tokenizing text - Time taken: 0:00:00.000968
Generating embeddings - Time taken: 0:00:01.227990
Embeddings dimension: torch.Size([768])
Connecting to database...
Database connected!
Loading tokenizer - Time taken: 0:00:00.256200
Loading model - Time taken: 0:00:01.567190
Starting to process text: "O que são algoritimos"
Tokenizing text - Time taken: 0:00:00
Generating embeddings - Time taken: 0:00:01.308064
Embeddings dimension: torch.Size([768])
Connecting to database...
Database connected!
Loading tokenizer - Time taken: 0:00:00.245570
Loading model - Time taken: 0:00:01.710834
Starting to process text: "O que é Javascript?"
Tokenizing text - Time taken: 0:00:00.000571
Generating embeddings - Time taken: 0:00:01.255007
Embeddings dimension: torch.Size([768])
Connecting to database...
Database connected!
Loading tokenizer - Time taken: 0:00:00.305496
Loading model - Time taken: 0:00:01.699359
Starting to process text: "O que é Machine Learning?"
Tokenizing text - Time taken: 0:00:00
Generating embeddings - Time taken: 0:00:01.244386
Embeddings dimension: torch.Size([768])
Connecting to database...
Database connected!
Loading tokenizer - Time taken: 0:00:00.402741
Loading model - Time taken: 0:00:01.677020
Starting to process text: "O que é Programação Procedural?"
Tokenizing text - Time taken: 0:00:00.001000
Generating embeddings - Time taken: 0:00:01.226825
Embeddings dimension: torch.Size([768])
Connecting to database...
Database connected!
Connecting to database...
Database connected!
Failed to retrieve data: malformed vector literal: "O que é Programação Procedural?"
LINE 4:             ORDER BY embedding <-> 'O que é Programação Proc...
                                           ^
DETAIL:  Vector contents must start with "[".

Starting to process text: "O que é Programação Procedural?"
Tokenizing text - Time taken: 0:00:00.000992
Generating embeddings - Time taken: 0:00:01.249677
Embeddings dimension: torch.Size([768])
Connecting to database...
Database connected!
Failed to retrieve data: malformed vector literal: "O que é Programação Procedural?"
LINE 4:             ORDER BY embedding <-> 'O que é Programação Proc...
                                           ^
DETAIL:  Vector contents must start with "[".

Starting to process text: "O que é Programação Procedural?"
Tokenizing text - Time taken: 0:00:00.001016
Generating embeddings - Time taken: 0:00:01.361969
Embeddings dimension: torch.Size([768])
Connecting to database...
Database connected!
Starting to process text: "O que é Programação Procedural?"
Tokenizing text - Time taken: 0:00:00.000963
Generating embeddings - Time taken: 0:00:01.237108
Embeddings dimension: torch.Size([768])
Connecting to database...
Database connected!
Starting to process text: "O que é Programação Procedural?"
Tokenizing text - Time taken: 0:00:00.000959
Generating embeddings - Time taken: 0:00:00.041001
Embeddings dimension: torch.Size([768])
Connecting to database...
Database connected!
Starting to process text: "O que é Programação Procedural?"
Tokenizing text - Time taken: 0:00:00.001034
Generating embeddings - Time taken: 0:00:00.065953
Embeddings dimension: torch.Size([768])
Connecting to database...
Database connected!
Starting to process text: "O que é Programação Procedural?"
Tokenizing text - Time taken: 0:00:00
Generating embeddings - Time taken: 0:00:00.040006
Embeddings dimension: torch.Size([768])
Connecting to database...
Database connected!
Starting to process text: "O que é Programação Procedural?"
Tokenizing text - Time taken: 0:00:00
Generating embeddings - Time taken: 0:00:00.035994
Embeddings dimension: torch.Size([768])
Connecting to database...
Database connected!
Starting to process text: "O que e inteligencia artificial?"
Tokenizing text - Time taken: 0:00:00.001014
Generating embeddings - Time taken: 0:00:00.046996
Embeddings dimension: torch.Size([768])
Connecting to database...
Database connected!
Starting to process text: "O que é Inteligencia Artificial?"
Tokenizing text - Time taken: 0:00:00.001015
Generating embeddings - Time taken: 0:00:01.392104
Embeddings dimension: torch.Size([768])
Connecting to database...
Database connected!
Starting to process text: "O que é Inteligencia Artificial?"
Tokenizing text - Time taken: 0:00:00.001003
Generating embeddings - Time taken: 0:00:00.065993
Embeddings dimension: torch.Size([768])
Connecting to database...
Database connected!
Starting to process text: "O que é Inteligencia Artificial?"
Tokenizing text - Time taken: 0:00:00
Generating embeddings - Time taken: 0:00:00.040295
Embeddings dimension: torch.Size([768])
Connecting to database...
Database connected!
Starting to process text: "O que é Inteligencia Artificial?"
Tokenizing text - Time taken: 0:00:00
Generating embeddings - Time taken: 0:00:00.048680
Embeddings dimension: torch.Size([768])
Connecting to database...
Database connected!
Starting to process text: "O que é Inteligencia Artificial?"
Tokenizing text - Time taken: 0:00:00.001076
Generating embeddings - Time taken: 0:00:10.920527
Embeddings dimension: torch.Size([768])
Connecting to database...
Database connected!
Starting to process text: "O que é Inteligencia Artificial?"
Tokenizing text - Time taken: 0:00:00
Generating embeddings - Time taken: 0:00:00.038995
Embeddings dimension: torch.Size([768])
Connecting to database...
Database connected!
Starting to process text: "Explique o que é um algoritimo?"
Tokenizing text - Time taken: 0:00:00.001000
Generating embeddings - Time taken: 0:00:01.188902
Embeddings dimension: torch.Size([768])
Connecting to database...
Database connected!
Starting to process text: "Explique o que é um algoritimo?"
Tokenizing text - Time taken: 0:00:00.001000
Generating embeddings - Time taken: 0:00:01.240212
Embeddings dimension: torch.Size([768])
Connecting to database...
Database connected!
Starting to process text: "Explique o que é um algoritimo?"
Tokenizing text - Time taken: 0:00:00.001043
Generating embeddings - Time taken: 0:00:00.039964
Embeddings dimension: torch.Size([768])
Connecting to database...
Database connected!
Starting to process text: "Explique o que é um algoritmo?"
Tokenizing text - Time taken: 0:00:00
Generating embeddings - Time taken: 0:00:00.040962
Embeddings dimension: torch.Size([768])
Connecting to database...
Database connected!
Starting to process text: "Explique o que é um algoritmo?"
Tokenizing text - Time taken: 0:00:00.001002
Generating embeddings - Time taken: 0:00:00.045999
Embeddings dimension: torch.Size([768])
Connecting to database...
Database connected!
Starting to process text: "Explique o que é um algoritmo?"
Tokenizing text - Time taken: 0:00:00
Generating embeddings - Time taken: 0:00:00.038995
Embeddings dimension: torch.Size([768])
Connecting to database...
Database connected!
Starting to process text: "Explique o que é um algoritimo?"
Tokenizing text - Time taken: 0:00:00.001001
Generating embeddings - Time taken: 0:00:01.415046
Embeddings dimension: torch.Size([768])
Connecting to database...
Database connected!
Starting to process text: "Explique o que é um algoritimo?"
Tokenizing text - Time taken: 0:00:00.051166
Generating embeddings.
Generating embeddings - Time taken: 0:00:01.836931
Embeddings dimension: torch.Size([768])
Connecting to database...
Database connected!
Retrieving passages with cosine distance
Passages retrieved.
Starting to process text: "O que e OOP?"
Tokenizing text - Time taken: 0:00:00.158744
Generating embeddings.
Generating embeddings - Time taken: 0:00:14.579153
Embeddings dimension: torch.Size([768])
Connecting to database...
Database connected!
Retrieving passages with cosine distance
Passages retrieved.
Starting to process text: "O que é POO?"
Tokenizing text - Time taken: 0:00:00.003994
Generating embeddings.
Generating embeddings - Time taken: 0:00:00.057816
Embeddings dimension: torch.Size([768])
Connecting to database...
Database connected!
Retrieving passages with cosine distance
Passages retrieved.
Starting to process text: "O que é POO?"
Tokenizing text - Time taken: 0:00:00.079013
Generating embeddings.
Generating embeddings - Time taken: 0:00:00.884909
Embeddings dimension: torch.Size([768])
Connecting to database...
Database connected!
Retrieving passages with inner product distance
Passages retrieved.
Starting to process text: "O que é POO?"
Tokenizing text - Time taken: 0:00:00.002031
Generating embeddings.
Generating embeddings - Time taken: 0:00:00.065999
Embeddings dimension: torch.Size([768])
Connecting to database...
Database connected!
Retrieving passages with L2 distance
Passages retrieved.
Starting to process text: "O que e POO?"
Tokenizing text - Time taken: 0:00:00.326694
Generating embeddings.
Generating embeddings - Time taken: 0:00:15.542491
Embeddings dimension: torch.Size([768])
Connecting to database...
Database connected!
Retrieving passages with cosine distance
Passages retrieved.
Starting to process text: "O que é POO?"
Tokenizing text - Time taken: 0:00:00.010000
Generating embeddings.
Generating embeddings - Time taken: 0:00:00.051155
Embeddings dimension: torch.Size([768])
Connecting to database...
Database connected!
Retrieving passages with cosine distance
Passages retrieved.
Starting to process text: "O que é POO?"
Tokenizing text - Time taken: 0:00:00.007996
Generating embeddings.
Generating embeddings - Time taken: 0:00:13.612733
Embeddings dimension: torch.Size([1024])
Connecting to database...
Database connected!
Retrieving passages with cosine distance
Passages retrieved.
Starting to process text: "O que é POO?"
Tokenizing text - Time taken: 0:00:00.647147
Generating embeddings.
Generating embeddings - Time taken: 0:00:01.059150
Embeddings dimension: torch.Size([768])
Connecting to database...
Database connected!
Retrieving passages with L2 distance
Passages retrieved.
Starting to process text: "O que é POO?"
Tokenizing text - Time taken: 0:00:00.002997
Generating embeddings.
Generating embeddings - Time taken: 0:00:09.347759
Embeddings dimension: torch.Size([1024])
Connecting to database...
Database connected!
Retrieving passages with L2 distance
Passages retrieved.
